0 info it worked if it ends with ok
1 verbose cli [ 'F:\\WORK\\nodeJS\\node.exe',
1 verbose cli   'F:\\WORK\\nodeJS\\node_modules\\npm\\bin\\npm-cli.js',
1 verbose cli   'start' ]
2 info using npm@3.10.10
3 info using node@v6.10.3
4 verbose run-script [ 'prestart', 'start', 'poststart' ]
5 info lifecycle @~prestart: @
6 silly lifecycle @~prestart: no script for prestart, continuing
7 info lifecycle @~start: @
8 verbose lifecycle @~start: unsafe-perm in lifecycle true
9 verbose lifecycle @~start: PATH: F:\WORK\nodeJS\node_modules\npm\bin\node-gyp-bin;E:\HPAY\Antd-React\node_modules\.bin;C:\WINDOWS\system32;C:\WINDOWS;C:\WINDOWS\System32\Wbem;C:\WINDOWS\System32\WindowsPowerShell\v1.0\;F:\WORK\JDK\bin;F:\WORK\apache-maven-3.3.9\bin;F:\WORK\nodeJS\;F:\WORK\OpenVPN\bin;F:\WORK\Git\cmd;C:\Users\39901\AppData\Local\Microsoft\WindowsApps;C:\Users\39901\AppData\Roaming\npm;F:\WORK\Microsoft VS Code\bin;C:\Users\39901\AppData\Local\atom\bin;F:\WORK\Docker Toolbox
10 verbose lifecycle @~start: CWD: E:\HPAY\Antd-React
11 silly lifecycle @~start: Args: [ '/d /s /c', 'dora --plugins webpack' ]
12 verbose stack Error: kill ENOSYS
12 verbose stack     at exports._errnoException (util.js:1018:11)
12 verbose stack     at process.kill (internal/process.js:190:13)
12 verbose stack     at process.listener (F:\WORK\nodeJS\node_modules\npm\node_modules\npmlog\node_modules\gauge\node_modules\signal-exit\index.js:86:15)
12 verbose stack     at emitNone (events.js:91:20)
12 verbose stack     at process.emit (events.js:185:7)
12 verbose stack     at processEmit (F:\WORK\nodeJS\node_modules\npm\node_modules\npmlog\node_modules\gauge\node_modules\signal-exit\index.js:146:32)
12 verbose stack     at processEmit (F:\WORK\nodeJS\node_modules\npm\node_modules\npm-registry-client\node_modules\npmlog\node_modules\gauge\node_modules\signal-exit\index.js:146:32)
12 verbose stack     at Signal.wrap.onsignal (internal/process.js:217:44)
13 verbose cwd E:\HPAY\Antd-React
14 error Windows_NT 10.0.15063
15 error argv "F:\\WORK\\nodeJS\\node.exe" "F:\\WORK\\nodeJS\\node_modules\\npm\\bin\\npm-cli.js" "start"
16 error node v6.10.3
17 error npm  v3.10.10
18 error code ENOSYS
19 error errno ENOSYS
20 error syscall kill
21 error kill ENOSYS
22 error If you need help, you may report this error at:
22 error     <https://github.com/npm/npm/issues>
23 verbose exit [ 1, true ]
